Content-Type: text/plain; charset="utf-8"
MIME-Version: 1.0
Content-Transfer-Encoding: 7bit
Subject: Password reset on 127.0.0.1:8000
From: webmaster@localhost
To: abderrahmanemustapha030898@gmail.com
Date: Wed, 13 Feb 2019 20:27:00 -0000
Message-ID: <155008962014.23885.7823598766290152539@abdou-Aspire-5750>


You're receiving this email because you requested a password reset for your user account at 127.0.0.1:8000.

Please go to the following page and choose a new password:

http://127.0.0.1:8000/accounts/reset/MzA/53t-3d20f2f2c54a0309607d/

Your username, in case you've forgotten: me000

Thanks for using our site!

The 127.0.0.1:8000 team



-------------------------------------------------------------------------------
Content-Type: text/plain; charset="utf-8"
MIME-Version: 1.0
Content-Transfer-Encoding: 7bit
Subject: Password reset on 127.0.0.1:8000
From: webmaster@localhost
To: abderrahmanemustapha030898@gmail.com
Date: Wed, 13 Feb 2019 20:27:00 -0000
Message-ID: <155008962016.23885.7717286718456453523@abdou-Aspire-5750>


You're receiving this email because you requested a password reset for your user account at 127.0.0.1:8000.

Please go to the following page and choose a new password:

http://127.0.0.1:8000/accounts/reset/Mzg/53t-3aa0d6ca2d80426ad44d/

Your username, in case you've forgotten: po_ui

Thanks for using our site!

The 127.0.0.1:8000 team



-------------------------------------------------------------------------------
