Content-Type: text/plain; charset="utf-8"
MIME-Version: 1.0
Content-Transfer-Encoding: 7bit
Subject: Password reset on 127.0.0.1:8000
From: TestSite Team <noreply@example.com>
To: abderrahmanemustapha030898@gmail.com
Date: Wed, 13 Feb 2019 21:01:45 -0000
Message-ID: <155009170546.26630.14984689138994855235@abdou-Aspire-5750>

Someone asked for password reset for email abderrahmanemustapha030898@gmail.com. Follow the link below:
http://127.0.0.1:8000/accounts/reset/MTc/53t-e04c90e82a6870eb251d/%20

-------------------------------------------------------------------------------
Content-Type: text/plain; charset="utf-8"
MIME-Version: 1.0
Content-Transfer-Encoding: 7bit
Subject: Password reset on 127.0.0.1:8000
From: TestSite Team <noreply@example.com>
To: abderrahmanemustapha030898@gmail.com
Date: Wed, 13 Feb 2019 21:01:45 -0000
Message-ID: <155009170551.26630.7481162857020631105@abdou-Aspire-5750>

Someone asked for password reset for email abderrahmanemustapha030898@gmail.com. Follow the link below:
http://127.0.0.1:8000/accounts/reset/MzA/53t-3d20f2f2c54a0309607d/%20

-------------------------------------------------------------------------------
