Content-Type: text/plain; charset="utf-8"
MIME-Version: 1.0
Content-Transfer-Encoding: 7bit
Subject: Password reset on 127.0.0.1:8000
From: TestSite Team <noreply@example.com>
To: abderrahmanemustapha030898@gmail.com
Date: Wed, 13 Feb 2019 21:01:45 -0000
Message-ID: <155009170544.26630.8433504506870236187@abdou-Aspire-5750>

Someone asked for password reset for email abderrahmanemustapha030898@gmail.com. Follow the link below:
http://127.0.0.1:8000/accounts/reset/OQ/53t-649fc982b6ba1b932282/%20

-------------------------------------------------------------------------------
Content-Type: text/plain; charset="utf-8"
MIME-Version: 1.0
Content-Transfer-Encoding: 7bit
Subject: Password reset on 127.0.0.1:8000
From: TestSite Team <noreply@example.com>
To: abderrahmanemustapha030898@gmail.com
Date: Wed, 13 Feb 2019 21:01:45 -0000
Message-ID: <155009170545.26630.16271450509441791315@abdou-Aspire-5750>

Someone asked for password reset for email abderrahmanemustapha030898@gmail.com. Follow the link below:
http://127.0.0.1:8000/accounts/reset/MTM/53t-71c78116fa6e23e5c034/%20

-------------------------------------------------------------------------------
Content-Type: text/plain; charset="utf-8"
MIME-Version: 1.0
Content-Transfer-Encoding: 7bit
Subject: Password reset on 127.0.0.1:8000
From: TestSite Team <noreply@example.com>
To: abderrahmanemustapha030898@gmail.com
Date: Wed, 13 Feb 2019 21:01:45 -0000
Message-ID: <155009170550.26630.16912014437240109267@abdou-Aspire-5750>

Someone asked for password reset for email abderrahmanemustapha030898@gmail.com. Follow the link below:
http://127.0.0.1:8000/accounts/reset/MjY/53t-e7b37e979ad05581d21e/%20

-------------------------------------------------------------------------------
Content-Type: text/plain; charset="utf-8"
MIME-Version: 1.0
Content-Transfer-Encoding: 7bit
Subject: Password reset on 127.0.0.1:8000
From: TestSite Team <noreply@example.com>
To: abderrahmanemustapha030898@gmail.com
Date: Wed, 13 Feb 2019 21:01:45 -0000
Message-ID: <155009170551.26630.11707586264575419254@abdou-Aspire-5750>

Someone asked for password reset for email abderrahmanemustapha030898@gmail.com. Follow the link below:
http://127.0.0.1:8000/accounts/reset/Mjk/53t-d7c333dfafd4321b90ab/%20

-------------------------------------------------------------------------------
Content-Type: text/plain; charset="utf-8"
MIME-Version: 1.0
Content-Transfer-Encoding: 7bit
Subject: Password reset on 127.0.0.1:8000
From: TestSite Team <noreply@example.com>
To: abderrahmanemustapha030898@gmail.com
Date: Wed, 13 Feb 2019 21:01:45 -0000
Message-ID: <155009170552.26630.4343685992090137615@abdou-Aspire-5750>

Someone asked for password reset for email abderrahmanemustapha030898@gmail.com. Follow the link below:
http://127.0.0.1:8000/accounts/reset/MzQ/53t-1280f5672469f73c7b11/%20

-------------------------------------------------------------------------------
Content-Type: text/plain; charset="utf-8"
MIME-Version: 1.0
Content-Transfer-Encoding: 7bit
Subject: Password reset on 127.0.0.1:8000
From: TestSite Team <noreply@example.com>
To: abderrahmanemustapha030898@gmail.com
Date: Wed, 13 Feb 2019 21:01:45 -0000
Message-ID: <155009170553.26630.4099665145055177635@abdou-Aspire-5750>

Someone asked for password reset for email abderrahmanemustapha030898@gmail.com. Follow the link below:
http://127.0.0.1:8000/accounts/reset/Mzg/53t-3aa0d6ca2d80426ad44d/%20

-------------------------------------------------------------------------------
