Content-Type: text/plain; charset="utf-8"
MIME-Version: 1.0
Content-Transfer-Encoding: 7bit
Subject: Password reset on 127.0.0.1:8000
From: TestSite Team <noreply@example.com>
To: abderrahmanemustapha030898@gmail.com
Date: Wed, 13 Feb 2019 21:01:45 -0000
Message-ID: <155009170545.26630.10733919145467533177@abdou-Aspire-5750>

Someone asked for password reset for email abderrahmanemustapha030898@gmail.com. Follow the link below:
http://127.0.0.1:8000/accounts/reset/MTQ/53t-22d42d49f402954dac65/%20

-------------------------------------------------------------------------------
Content-Type: text/plain; charset="utf-8"
MIME-Version: 1.0
Content-Transfer-Encoding: 7bit
Subject: Password reset on 127.0.0.1:8000
From: TestSite Team <noreply@example.com>
To: abderrahmanemustapha030898@gmail.com
Date: Wed, 13 Feb 2019 21:01:45 -0000
Message-ID: <155009170546.26630.17898962942605972770@abdou-Aspire-5750>

Someone asked for password reset for email abderrahmanemustapha030898@gmail.com. Follow the link below:
http://127.0.0.1:8000/accounts/reset/MTY/53t-1a93c9d52967ea712192/%20

-------------------------------------------------------------------------------
Content-Type: text/plain; charset="utf-8"
MIME-Version: 1.0
Content-Transfer-Encoding: 7bit
Subject: Password reset on 127.0.0.1:8000
From: TestSite Team <noreply@example.com>
To: abderrahmanemustapha030898@gmail.com
Date: Wed, 13 Feb 2019 21:01:45 -0000
Message-ID: <155009170548.26630.4048880076948339812@abdou-Aspire-5750>

Someone asked for password reset for email abderrahmanemustapha030898@gmail.com. Follow the link below:
http://127.0.0.1:8000/accounts/reset/MjE/53t-db662d82efde41737aa7/%20

-------------------------------------------------------------------------------
Content-Type: text/plain; charset="utf-8"
MIME-Version: 1.0
Content-Transfer-Encoding: 7bit
Subject: Password reset on 127.0.0.1:8000
From: TestSite Team <noreply@example.com>
To: abderrahmanemustapha030898@gmail.com
Date: Wed, 13 Feb 2019 21:01:45 -0000
Message-ID: <155009170550.26630.13681287446909391154@abdou-Aspire-5750>

Someone asked for password reset for email abderrahmanemustapha030898@gmail.com. Follow the link below:
http://127.0.0.1:8000/accounts/reset/MjU/53t-173f1888e5b3d1edcff2/%20

-------------------------------------------------------------------------------
Content-Type: text/plain; charset="utf-8"
MIME-Version: 1.0
Content-Transfer-Encoding: 7bit
Subject: Password reset on 127.0.0.1:8000
From: TestSite Team <noreply@example.com>
To: abderrahmanemustapha030898@gmail.com
Date: Wed, 13 Feb 2019 21:01:45 -0000
Message-ID: <155009170555.26630.2709788775480561609@abdou-Aspire-5750>

Someone asked for password reset for email abderrahmanemustapha030898@gmail.com. Follow the link below:
http://127.0.0.1:8000/accounts/reset/Mzk/53t-0f5496160f95bde89c29/%20

-------------------------------------------------------------------------------
