Content-Type: text/plain; charset="utf-8"
MIME-Version: 1.0
Content-Transfer-Encoding: 7bit
Subject: Password reset on 127.0.0.1:8000
From: TestSite Team <noreply@example.com>
To: abderrahmanemustapha030898@gmail.com
Date: Wed, 13 Feb 2019 21:01:45 -0000
Message-ID: <155009170548.26630.8721193885039337708@abdou-Aspire-5750>

Someone asked for password reset for email abderrahmanemustapha030898@gmail.com. Follow the link below:
http://127.0.0.1:8000/accounts/reset/MjA/53t-5b1f9425ec0563104628/%20

-------------------------------------------------------------------------------
Content-Type: text/plain; charset="utf-8"
MIME-Version: 1.0
Content-Transfer-Encoding: 7bit
Subject: Password reset on 127.0.0.1:8000
From: TestSite Team <noreply@example.com>
To: abderrahmanemustapha030898@gmail.com
Date: Wed, 13 Feb 2019 21:01:45 -0000
Message-ID: <155009170549.26630.2543709655635078317@abdou-Aspire-5750>

Someone asked for password reset for email abderrahmanemustapha030898@gmail.com. Follow the link below:
http://127.0.0.1:8000/accounts/reset/MjI/53t-0f6be7461e4c7506e56f/%20

-------------------------------------------------------------------------------
Content-Type: text/plain; charset="utf-8"
MIME-Version: 1.0
Content-Transfer-Encoding: 7bit
Subject: Password reset on 127.0.0.1:8000
From: TestSite Team <noreply@example.com>
To: abderrahmanemustapha030898@gmail.com
Date: Wed, 13 Feb 2019 21:01:45 -0000
Message-ID: <155009170550.26630.9752056063262194913@abdou-Aspire-5750>

Someone asked for password reset for email abderrahmanemustapha030898@gmail.com. Follow the link below:
http://127.0.0.1:8000/accounts/reset/Mjc/53t-ba03770cee7098b3a66d/%20

-------------------------------------------------------------------------------
Content-Type: text/plain; charset="utf-8"
MIME-Version: 1.0
Content-Transfer-Encoding: 7bit
Subject: Password reset on 127.0.0.1:8000
From: TestSite Team <noreply@example.com>
To: abderrahmanemustapha030898@gmail.com
Date: Wed, 13 Feb 2019 21:01:45 -0000
Message-ID: <155009170551.26630.4442336975445097323@abdou-Aspire-5750>

Someone asked for password reset for email abderrahmanemustapha030898@gmail.com. Follow the link below:
http://127.0.0.1:8000/accounts/reset/MzI/53t-7983547dfb5a1c03159e/%20

-------------------------------------------------------------------------------
