Content-Type: text/plain; charset="utf-8"
MIME-Version: 1.0
Content-Transfer-Encoding: 7bit
Subject: Password reset on 127.0.0.1:8000
From: webmaster@localhost
To: abderrahmanemustapha030898@gmail.com
Date: Wed, 13 Feb 2019 20:26:44 -0000
Message-ID: <155008960492.23885.1655695260171264244@abdou-Aspire-5750>


You're receiving this email because you requested a password reset for your user account at 127.0.0.1:8000.

Please go to the following page and choose a new password:

http://127.0.0.1:8000/accounts/reset/OQ/53t-649fc982b6ba1b932282/

Your username, in case you've forgotten: amani0

Thanks for using our site!

The 127.0.0.1:8000 team



-------------------------------------------------------------------------------
Content-Type: text/plain; charset="utf-8"
MIME-Version: 1.0
Content-Transfer-Encoding: 7bit
Subject: Password reset on 127.0.0.1:8000
From: webmaster@localhost
To: abderrahmanemustapha030898@gmail.com
Date: Wed, 13 Feb 2019 20:26:44 -0000
Message-ID: <155008960499.23885.8275255049174359749@abdou-Aspire-5750>


You're receiving this email because you requested a password reset for your user account at 127.0.0.1:8000.

Please go to the following page and choose a new password:

http://127.0.0.1:8000/accounts/reset/MzI/53t-7983547dfb5a1c03159e/

Your username, in case you've forgotten: me00000

Thanks for using our site!

The 127.0.0.1:8000 team



-------------------------------------------------------------------------------
