Content-Type: text/plain; charset="utf-8"
MIME-Version: 1.0
Content-Transfer-Encoding: 7bit
Subject: Password reset on 127.0.0.1:8000
From: webmaster@localhost
To: abderrahmanemustapha030898@gmail.com
Date: Wed, 13 Feb 2019 20:26:44 -0000
Message-ID: <155008960492.23885.8689709655589510849@abdou-Aspire-5750>


You're receiving this email because you requested a password reset for your user account at 127.0.0.1:8000.

Please go to the following page and choose a new password:

http://127.0.0.1:8000/accounts/reset/MTA/53t-bd0f7e09fd8adb64eab1/

Your username, in case you've forgotten: mustapha

Thanks for using our site!

The 127.0.0.1:8000 team



-------------------------------------------------------------------------------
Content-Type: text/plain; charset="utf-8"
MIME-Version: 1.0
Content-Transfer-Encoding: 7bit
Subject: Password reset on 127.0.0.1:8000
From: webmaster@localhost
To: abderrahmanemustapha030898@gmail.com
Date: Wed, 13 Feb 2019 20:26:44 -0000
Message-ID: <155008960494.23885.13787152572419810105@abdou-Aspire-5750>


You're receiving this email because you requested a password reset for your user account at 127.0.0.1:8000.

Please go to the following page and choose a new password:

http://127.0.0.1:8000/accounts/reset/MTQ/53t-22d42d49f402954dac65/

Your username, in case you've forgotten: abdou00

Thanks for using our site!

The 127.0.0.1:8000 team



-------------------------------------------------------------------------------
Content-Type: text/plain; charset="utf-8"
MIME-Version: 1.0
Content-Transfer-Encoding: 7bit
Subject: Password reset on 127.0.0.1:8000
From: webmaster@localhost
To: abderrahmanemustapha030898@gmail.com
Date: Wed, 13 Feb 2019 20:26:44 -0000
Message-ID: <155008960495.23885.9984706965772734656@abdou-Aspire-5750>


You're receiving this email because you requested a password reset for your user account at 127.0.0.1:8000.

Please go to the following page and choose a new password:

http://127.0.0.1:8000/accounts/reset/MTg/53t-79760b9c570a34563fdd/

Your username, in case you've forgotten: you

Thanks for using our site!

The 127.0.0.1:8000 team



-------------------------------------------------------------------------------
