Content-Type: text/plain; charset="utf-8"
MIME-Version: 1.0
Content-Transfer-Encoding: 7bit
Subject: Password reset on 127.0.0.1:8000
From: TestSite Team <noreply@example.com>
To: abderrahmanemustapha030898@gmail.com
Date: Wed, 13 Feb 2019 21:01:45 -0000
Message-ID: <155009170547.26630.8033339036557017857@abdou-Aspire-5750>

Someone asked for password reset for email abderrahmanemustapha030898@gmail.com. Follow the link below:
http://127.0.0.1:8000/accounts/reset/MTg/53t-79760b9c570a34563fdd/%20

-------------------------------------------------------------------------------
Content-Type: text/plain; charset="utf-8"
MIME-Version: 1.0
Content-Transfer-Encoding: 7bit
Subject: Password reset on 127.0.0.1:8000
From: TestSite Team <noreply@example.com>
To: abderrahmanemustapha030898@gmail.com
Date: Wed, 13 Feb 2019 21:01:45 -0000
Message-ID: <155009170551.26630.5356817192212541274@abdou-Aspire-5750>

Someone asked for password reset for email abderrahmanemustapha030898@gmail.com. Follow the link below:
http://127.0.0.1:8000/accounts/reset/MzE/53t-3baf22296d299e193abd/%20

-------------------------------------------------------------------------------
