Content-Type: text/plain; charset="utf-8"
MIME-Version: 1.0
Content-Transfer-Encoding: 7bit
Subject: Password reset on 127.0.0.1:8000
From: webmaster@localhost
To: abderrahmanemustapha030898@gmail.com
Date: Wed, 13 Feb 2019 20:27:00 -0000
Message-ID: <155008962012.23885.9592671621979571977@abdou-Aspire-5750>


You're receiving this email because you requested a password reset for your user account at 127.0.0.1:8000.

Please go to the following page and choose a new password:

http://127.0.0.1:8000/accounts/reset/MjI/53t-0f6be7461e4c7506e56f/

Your username, in case you've forgotten: abdou0000000000

Thanks for using our site!

The 127.0.0.1:8000 team



-------------------------------------------------------------------------------
Content-Type: text/plain; charset="utf-8"
MIME-Version: 1.0
Content-Transfer-Encoding: 7bit
Subject: Password reset on 127.0.0.1:8000
From: webmaster@localhost
To: abderrahmanemustapha030898@gmail.com
Date: Wed, 13 Feb 2019 20:27:00 -0000
Message-ID: <155008962013.23885.103368998479166563@abdou-Aspire-5750>


You're receiving this email because you requested a password reset for your user account at 127.0.0.1:8000.

Please go to the following page and choose a new password:

http://127.0.0.1:8000/accounts/reset/MjU/53t-173f1888e5b3d1edcff2/

Your username, in case you've forgotten: Abderrahamne0000

Thanks for using our site!

The 127.0.0.1:8000 team



-------------------------------------------------------------------------------
Content-Type: text/plain; charset="utf-8"
MIME-Version: 1.0
Content-Transfer-Encoding: 7bit
Subject: Password reset on 127.0.0.1:8000
From: webmaster@localhost
To: abderrahmanemustapha030898@gmail.com
Date: Wed, 13 Feb 2019 20:27:00 -0000
Message-ID: <155008962015.23885.7372429186293447939@abdou-Aspire-5750>


You're receiving this email because you requested a password reset for your user account at 127.0.0.1:8000.

Please go to the following page and choose a new password:

http://127.0.0.1:8000/accounts/reset/MzQ/53t-1280f5672469f73c7b11/

Your username, in case you've forgotten: kelb

Thanks for using our site!

The 127.0.0.1:8000 team



-------------------------------------------------------------------------------
