Content-Type: text/plain; charset="utf-8"
MIME-Version: 1.0
Content-Transfer-Encoding: 7bit
Subject: Password reset on 127.0.0.1:8000
From: webmaster@localhost
To: abderrahmanemustapha030898@gmail.com
Date: Wed, 13 Feb 2019 20:26:44 -0000
Message-ID: <155008960496.23885.5165848731977101008@abdou-Aspire-5750>


You're receiving this email because you requested a password reset for your user account at 127.0.0.1:8000.

Please go to the following page and choose a new password:

http://127.0.0.1:8000/accounts/reset/MjI/53t-0f6be7461e4c7506e56f/

Your username, in case you've forgotten: abdou0000000000

Thanks for using our site!

The 127.0.0.1:8000 team



-------------------------------------------------------------------------------
Content-Type: text/plain; charset="utf-8"
MIME-Version: 1.0
Content-Transfer-Encoding: 7bit
Subject: Password reset on 127.0.0.1:8000
From: webmaster@localhost
To: abderrahmanemustapha030898@gmail.com
Date: Wed, 13 Feb 2019 20:26:44 -0000
Message-ID: <155008960499.23885.17034980736177475142@abdou-Aspire-5750>


You're receiving this email because you requested a password reset for your user account at 127.0.0.1:8000.

Please go to the following page and choose a new password:

http://127.0.0.1:8000/accounts/reset/MzM/53t-2b6eeaf9a9283620019c/

Your username, in case you've forgotten: op

Thanks for using our site!

The 127.0.0.1:8000 team



-------------------------------------------------------------------------------
